This is pdfTeX, Version 3.1415926-1.40.11 (MiKTeX 2.9) (preloaded format=latex 2011.1.22)  22 JAN 2011 19:48
entering extended mode
**vec.tex
("C:\Users\Conrad\work\projects\LaTeX Docs\vec\vec.tex"
LaTeX2e <2009/09/24>
Babel <v3.8l> and hyphenation patterns for english, afrikaans, ancientgreek, ar
abic, armenian, assamese, basque, bengali, bokmal, bulgarian, catalan, coptic, 
croatian, czech, danish, dutch, esperanto, estonian, farsi, finnish, french, ga
lician, german, german-x-2009-06-19, greek, gujarati, hindi, hungarian, iceland
ic, indonesian, interlingua, irish, italian, kannada, kurmanji, lao, latin, lat
vian, lithuanian, malayalam, marathi, mongolian, mongolianlmc, monogreek, ngerm
an, ngerman-x-2009-06-19, nynorsk, oriya, panjabi, pinyin, polish, portuguese, 
romanian, russian, sanskrit, serbian, slovak, slovenian, spanish, swedish, swis
sgerman, tamil, telugu, turkish, turkmen, ukenglish, ukrainian, uppersorbian, u
senglishmax, welsh, loaded.

(C:\Users\Conrad\Applications\documents\miktek\miktex2.9\install\tex\latex\base
\article.cls
Document Class: article 2007/10/19 v1.4h Standard LaTeX document class

(C:\Users\Conrad\Applications\documents\miktek\miktex2.9\install\tex\latex\base
\size10.clo
File: size10.clo 2007/10/19 v1.4h Standard LaTeX file (size option)
)
\c@part=\count79
\c@section=\count80
\c@subsection=\count81
\c@subsubsection=\count82
\c@paragraph=\count83
\c@subparagraph=\count84
\c@figure=\count85
\c@table=\count86
\abovecaptionskip=\skip41
\belowcaptionskip=\skip42
\bibindent=\dimen102
)
(C:\Users\Conrad\Applications\documents\miktek\miktex2.9\install\tex\latex\pstr
icks\pstricks.sty
Package: pstricks 2010/09/18 v0.47 LaTeX wrapper for `PSTricks' (RN,HV)

(C:\Users\Conrad\Applications\documents\miktek\miktex2.9\install\tex\generic\ps
tricks\pstricks.tex
(C:\Users\Conrad\Applications\documents\miktek\miktex2.9\install\tex\generic\xk
eyval\pst-xkey.tex
File: pst-xkey.tex 2005/11/25 v1.6 PSTricks specialization of xkeyval (HA)

(C:\Users\Conrad\Applications\documents\miktek\miktex2.9\install\tex\latex\xkey
val\xkeyval.sty
Package: xkeyval 2008/08/13 v2.6a package option processing (HA)

(C:\Users\Conrad\Applications\documents\miktek\miktex2.9\install\tex\generic\xk
eyval\xkeyval.tex
\XKV@toks=\toks14
\XKV@tempa@toks=\toks15
\XKV@depth=\count87
File: xkeyval.tex 2008/08/13 v2.6a key=value parser (HA)

(C:\Users\Conrad\Applications\documents\miktek\miktex2.9\install\tex\generic\xk
eyval\keyval.tex))))
(C:\Users\Conrad\Applications\documents\miktek\miktex2.9\install\tex\generic\ps
tricks\pst-fp.tex `pst-fp' v0.05, 2010/01/17 (hv)
\pstFP@xs=\count88
\pstFP@xia=\count89
\pstFP@xib=\count90
\pstFP@xfa=\count91
\pstFP@xfb=\count92
\pstFP@rega=\count93
\pstFP@regb=\count94
\pstFP@regs=\count95
\pstFP@times=\count96
)
\psLoopIndex=\count97

`PSTricks' v2.13  <2010/11/01> (tvz)
\pst@dima=\dimen103
\pst@dimb=\dimen104
\pst@dimc=\dimen105
\pst@dimd=\dimen106
\pst@dimg=\dimen107
\pst@dimh=\dimen108
\pst@dimm=\dimen109
\pst@dimn=\dimen110
\pst@dimo=\dimen111
\pst@dimp=\dimen112
\pst@hbox=\box26
\pst@boxg=\box27
\pst@cnta=\count98
\pst@cntb=\count99
\pst@cntc=\count100
\pst@cntd=\count101
\pst@cntg=\count102
\pst@cnth=\count103
\pst@cntm=\count104
\pst@cntn=\count105
\pst@cnto=\count106
\pst@cntp=\count107
\@zero=\count108
\pst@toks=\toks16

(C:\Users\Conrad\Applications\documents\miktek\miktex2.9\install\tex\generic\ps
tricks\pstricks.con)
\psunit=\dimen113
\psxunit=\dimen114
\psyunit=\dimen115
\pst@C@@rType=\count109
\pslinewidth=\dimen116
\psk@startLW=\dimen117
\psk@endLW=\dimen118
\pst@customdefs=\toks17
\pslinearc=\dimen119
\pst@symbolStep=\dimen120
\pst@symbolWidth=\dimen121
\everypsbox=\toks18
\psframesep=\dimen122
\pslabelsep=\dimen123
\pst@shift=\dimen124
\theoverlaybox=\box28
)
File: pstricks.tex 2010/11/01 v2.13 `PSTricks' (tvz,hv)

(C:\Users\Conrad\Applications\documents\miktek\miktex2.9\install\tex\generic\ps
tricks\pst-fp.tex)
File: pst-fp.tex 2010/11/01 v2.13 `PST-fp' (hv)

(C:\Users\Conrad\AppData\Roaming\MiKTeX\2.9\tex\latex\xcolor\xcolor.sty
Package: xcolor 2007/01/21 v2.11 LaTeX color extensions (UK)

(C:\Users\Conrad\Applications\documents\miktek\miktex2.9\install\tex\latex\00mi
ktex\color.cfg
File: color.cfg 2007/01/18 v1.5 color configuration of teTeX/TeXLive
)
Package xcolor Info: Driver file: dvips.def on input line 225.

(C:\Users\Conrad\Applications\documents\miktek\miktex2.9\install\tex\latex\grap
hics\dvips.def
File: dvips.def 1999/02/16 v3.0i Driver-dependant file (DPC,SPQR)
)
Package xcolor Info: Model `cmy' substituted by `cmy0' on input line 1337.
Package xcolor Info: Model `RGB' extended on input line 1353.
Package xcolor Info: Model `HTML' substituted by `rgb' on input line 1355.
Package xcolor Info: Model `Hsb' substituted by `hsb' on input line 1356.
Package xcolor Info: Model `tHsb' substituted by `hsb' on input line 1357.
Package xcolor Info: Model `HSB' substituted by `hsb' on input line 1358.
Package xcolor Info: Model `Gray' substituted by `gray' on input line 1359.
Package xcolor Info: Model `wave' substituted by `hsb' on input line 1360.
))
(C:\Users\Conrad\Applications\documents\miktek\miktex2.9\install\tex\latex\pst-
plot\pst-plot.sty
Package: pst-plot 2010/01/22 package wrapper for pst-plot.tex

(C:\Users\Conrad\Applications\documents\miktek\miktex2.9\install\tex\generic\ps
t-plot\pst-plot.tex
(C:\Users\Conrad\AppData\Roaming\MiKTeX\2.9\tex\generic\multido\multido.tex
 v1.42, 2010/05/14 <tvz>
\multido@count=\count110
\multidocount=\count111
\multido@stuff=\toks19
)  v1.26, 2011/01/19 (tvz,hv)
\pstRadUnit=\dimen125
\pstRadUnitInv=\dimen126
\pst@linecnt=\count112
\psk@subticksize=\dimen127
\pst@xticksizeA=\dimen128
\pst@xticksizeB=\dimen129
\pst@xticksizeC=\dimen130
\pst@yticksizeA=\dimen131
\pst@yticksizeB=\dimen132
\pst@yticksizeC=\dimen133
\@digitcounter=\count113
\psk@llx=\dimen134
\psk@lly=\dimen135
\psk@urx=\dimen136
\psk@ury=\dimen137
\pst@xunit=\dimen138
\pst@yunit=\dimen139
)
File: pst-plot.tex 2011/01/19 1.26 `pst-plot' (tvz,hv)
)
(C:\Users\Conrad\Applications\documents\miktek\miktex2.9\install\tex\latex\pst-
node\pst-node.sty
Package: pst-node 2010/04/22 package wrapper for pst-node.tex

(C:\Users\Conrad\Applications\documents\miktek\miktex2.9\install\tex\generic\ps
t-node\pst-node.tex  v1.14, 2010/12/28
\psrow=\count114
\pscol=\count115
\psmatrixcnt=\count116
\psrowsep=\skip43
\pscolsep=\skip44
\pst@args=\count117
\num@pts=\count118
\pst@argcnt=\count119
)
File: pst-node.tex 2010/12/28 1.14 `pst-node' (tvz)
)
(C:\Users\Conrad\Applications\documents\miktek\miktex2.9\install\tex\latex\pst-
tree\pst-tree.sty
Package: pst-tree 2009/01/25 package wrapper for pst-tree.tex

(C:\Users\Conrad\Applications\documents\miktek\miktex2.9\install\tex\generic\ps
t-tree\pst-tree.tex  v1.11, 2009/09/17(tvz,dg,hv)
\pstree@rootbox=\box29
\pstree@box=\box30
\psnodecnt=\count120
\pstreelevel=\count121
\pstreecnt=\count122
\pstree@cnt=\count123
\pstree@stop=\count124
)
File: pst-tree.tex 2009/09/17 1.11 `pst-tree' (tvz,hv)
)
(C:\Users\Conrad\Applications\documents\miktek\miktex2.9\install\tex\latex\pst-
coil\pst-coil.sty
Package: pst-coil 2010/02/01 package wrapper for pst-coil.tex (hv)

(C:\Users\Conrad\Applications\documents\miktek\miktex2.9\install\tex\generic\ps
t-coil\pst-coil.tex  v1.11, 2009/09/17)
File: pst-coil.tex 2010/02/01 v1.03 `PST-coil' (tvz,hv)
)
(C:\Users\Conrad\AppData\Roaming\MiKTeX\2.9\tex\latex\textpos\textpos.sty
Package: textpos 2010/09/30 v1.7g

Package: `textpos' 1.7g <2010 September 30>
(C:\Users\Conrad\AppData\Roaming\MiKTeX\2.9\tex\latex\ms\everyshi.sty
Package: everyshi 2001/05/15 v3.00 EveryShipout Package (MS)
)
\TP@textbox=\box31
\TP@holdbox=\box32
\TPHorizModule=\dimen140
\TPVertModule=\dimen141
\TP@margin=\dimen142
\TP@absmargin=\dimen143

Grid set 16 x 16 = 38.39343pt x 49.68562pt
\TPboxrulesize=\dimen144
\TP@ox=\dimen145
\TP@oy=\dimen146
\TP@tbargs=\toks20
\TP@prevdepth=\dimen147
TextBlockOrigin set to 0pt x 0pt
)
(C:\Users\Conrad\Applications\documents\miktek\miktex2.9\install\tex\latex\amsf
onts\amssymb.sty
Package: amssymb 2009/06/22 v3.00

(C:\Users\Conrad\Applications\documents\miktek\miktex2.9\install\tex\latex\amsf
onts\amsfonts.sty
Package: amsfonts 2009/06/22 v3.00 Basic AMSFonts support
\@emptytoks=\toks21
\symAMSa=\mathgroup4
\symAMSb=\mathgroup5
LaTeX Font Info:    Overwriting math alphabet `\mathfrak' in version `bold'
(Font)                  U/euf/m/n --> U/euf/b/n on input line 96.
))
(C:\Users\Conrad\Applications\documents\miktek\miktex2.9\install\tex\latex\grap
hics\graphicx.sty
Package: graphicx 1999/02/16 v1.0f Enhanced LaTeX Graphics (DPC,SPQR)

(C:\Users\Conrad\Applications\documents\miktek\miktex2.9\install\tex\latex\grap
hics\graphics.sty
Package: graphics 2009/02/05 v1.0o Standard LaTeX Graphics (DPC,SPQR)

(C:\Users\Conrad\Applications\documents\miktek\miktex2.9\install\tex\latex\grap
hics\trig.sty
Package: trig 1999/03/16 v1.09 sin cos tan (DPC)
)
(C:\Users\Conrad\Applications\documents\miktek\miktex2.9\install\tex\latex\00mi
ktex\graphics.cfg
File: graphics.cfg 2007/01/18 v1.5 graphics configuration of teTeX/TeXLive
)
Package graphics Info: Driver file: dvips.def on input line 91.
)
\Gin@req@height=\dimen148
\Gin@req@width=\dimen149
)
TextBlockOrigin set to 0.5in x 0.5in
("C:\Users\Conrad\work\projects\LaTeX Docs\vec\vec.aux"
("C:\Users\Conrad\work\projects\LaTeX Docs\vec\eucl_geo_anal.aux")
("C:\Users\Conrad\work\projects\LaTeX Docs\vec\diff_forms_classical_vec.aux")
("C:\Users\Conrad\work\projects\LaTeX Docs\vec\class_mech.aux")
("C:\Users\Conrad\work\projects\LaTeX Docs\vec\em.aux")

LaTeX Warning: Label `fig_simp_vec' multiply defined.


LaTeX Warning: Label `fig_simp_vec' multiply defined.

)
LaTeX Font Info:    Checking defaults for OML/cmm/m/it on input line 23.
LaTeX Font Info:    ... okay on input line 23.
LaTeX Font Info:    Checking defaults for T1/cmr/m/n on input line 23.
LaTeX Font Info:    ... okay on input line 23.
LaTeX Font Info:    Checking defaults for OT1/cmr/m/n on input line 23.
LaTeX Font Info:    ... okay on input line 23.
LaTeX Font Info:    Checking defaults for OMS/cmsy/m/n on input line 23.
LaTeX Font Info:    ... okay on input line 23.
LaTeX Font Info:    Checking defaults for OMX/cmex/m/n on input line 23.
LaTeX Font Info:    ... okay on input line 23.
LaTeX Font Info:    Checking defaults for U/cmr/m/n on input line 23.
LaTeX Font Info:    ... okay on input line 23.
 ABD: EveryShipout initializing macros
("C:\Users\Conrad\work\projects\LaTeX Docs\vec\eucl_geo_anal.tex"
LaTeX Font Info:    Try loading font information for U+msa on input line 9.

(C:\Users\Conrad\Applications\documents\miktek\miktex2.9\install\tex\latex\amsf
onts\umsa.fd
File: umsa.fd 2009/06/22 v3.00 AMS symbols A
)
LaTeX Font Info:    Try loading font information for U+msb on input line 9.

(C:\Users\Conrad\Applications\documents\miktek\miktex2.9\install\tex\latex\amsf
onts\umsb.fd
File: umsb.fd 2009/06/22 v3.00 AMS symbols B
)
Overfull \hbox (11.38107pt too wide) in paragraph at lines 9--15
[][] 
 []


Overfull \hbox (5.69052pt too wide) in paragraph at lines 23--51
[][]
 []


Overfull \hbox (5.69052pt too wide) in paragraph at lines 59--129
[][]
 []


Overfull \hbox (9.10484pt too wide) in paragraph at lines 137--173
[][]
 []


Overfull \hbox (8.5358pt too wide) in paragraph at lines 181--224
[][] 
 []


Overfull \hbox (8.5358pt too wide) in paragraph at lines 232--280
[][]
 []


Overfull \hbox (8.5358pt too wide) in paragraph at lines 288--336
[][]
 []


Overfull \hbox (9.95844pt too wide) in paragraph at lines 371--375
[][] 
 []


Underfull \hbox (badness 10000) detected at line 403
 [] 
 []

[1


]) ("C:\Users\Conrad\work\projects\LaTeX Docs\vec\diff_forms_classical_vec.tex"

Overfull \hbox (11.38107pt too wide) in paragraph at lines 9--15
[][] 
 []


Overfull \hbox (5.69052pt too wide) in paragraph at lines 23--29
[][]
 []

[2


])
No file class_mech.tex.
No file em.tex.
[3





] [4] [5] [6] [7]

LaTeX Font Warning: Command \scriptsize invalid in math mode on input line 283.



Overfull \hbox (2.54352pt too wide) in paragraph at lines 283--284
 [][] 
 []

[8]
Overfull \hbox (11.38107pt too wide) in paragraph at lines 296--300
[][] 
 []

[9]
Overfull \hbox (11.38107pt too wide) in paragraph at lines 306--313
[][]
 []


Overfull \hbox (0.67468pt too wide) in alignment at lines 321--329
 [][][] []
 []

[10]
Overfull \hbox (11.38107pt too wide) in paragraph at lines 339--343
[][] 
 []

[11] [12] [13]
Overfull \hbox (11.38107pt too wide) in paragraph at lines 503--508
[][] 
 []

[14]
Overfull \hbox (11.38107pt too wide) in paragraph at lines 593--598
[][] 
 []

[15] [16] [17] [18] [19] [20] [21] [22] [23]
Overfull \hbox (24.52985pt too wide) in paragraph at lines 1152--1153
[][] 
 []

[24] ("C:\Users\Conrad\work\projects\LaTeX Docs\vec\vec.aux"
("C:\Users\Conrad\work\projects\LaTeX Docs\vec\eucl_geo_anal.aux")
("C:\Users\Conrad\work\projects\LaTeX Docs\vec\diff_forms_classical_vec.aux")
("C:\Users\Conrad\work\projects\LaTeX Docs\vec\class_mech.aux")
("C:\Users\Conrad\work\projects\LaTeX Docs\vec\em.aux"))

LaTeX Warning: There were multiply-defined labels.

 ) 
Here is how much of TeX's memory you used:
 4383 strings out of 494020
 64829 string characters out of 3130822
 197755 words of memory out of 3000000
 7618 multiletter control sequences out of 15000+200000
 6615 words of font info for 26 fonts, out of 3000000 for 9000
 714 hyphenation exceptions out of 8191
 37i,17n,51p,560b,316s stack positions out of 5000i,500n,10000p,200000b,50000s

Output written on vec.dvi (24 pages, 108920 bytes).
